<?xml version="1.0" encoding="UTF-8"?>
<testsuite xmlns:xsi="http://www.w3.org/2001/XMLSchema-instance" xsi:noNamespaceSchemaLocation="https://maven.apache.org/surefire/maven-surefire-plugin/xsd/surefire-test-report.xsd" name="TestSuite" time="130.223" tests="10" errors="0" skipped="0" failures="0">
  <properties>
[...]
</properties>
  <testcase name="runScenario" classname="testrunners.SmokeTest" time="36.705"/>
  <testcase name="runScenario" classname="testrunners.SmokeTest" time="4.545"/>
  <testcase name="runScenario" classname="testrunners.SmokeTest" time="30.577"/>
  <testcase name="runScenario" classname="testrunners.SmokeTest" time="3.919"/>
  <testcase name="runScenario" classname="testrunners.SmokeTest" time="3.17"/>
  <testcase name="runScenario" classname="testrunners.SmokeTest" time="0.613"/>
  <testcase name="runScenario" classname="testrunners.SmokeTest" time="3.173"/>
  <testcase name="runScenario" classname="testrunners.SmokeTest" time="0.536"/>
  <testcase name="runScenario" classname="testrunners.SmokeTest" time="3.721"/>
  <testcase name="runScenario" classname="testrunners.HomePageTest" time="37.564"/>
</testsuite>