<?xml version="1.0" encoding="UTF-8"?>
<testsuite xmlns:xsi="http://www.w3.org/2001/XMLSchema-instance" xsi:noNamespaceSchemaLocation="https://maven.apache.org/surefire/maven-surefire-plugin/xsd/surefire-test-report.xsd" name="testrunners.SmokeTest" time="300.371" tests="9" errors="1" skipped="0" failures="0">
  <properties>
    <property name="java.specification.version" value="17"/>
    <property name="sun.jnu.encoding" value="UTF-8"/>
    <property name="java.class.path" value="/Users/vipul/Documents/Vipul/AutomationProjects/TEST/target/test-classes:/Users/vipul/Documents/Vipul/AutomationProjects/TEST/target/classes:/Users/vipul/.m2/repository/io/cucumber/cucumber-java/7.11.1/cucumber-java-7.11.1.jar:/Users/vipul/.m2/repository/io/cucumber/cucumber-core/7.11.1/cucumber-core-7.11.1.jar:/Users/vipul/.m2/repository/io/cucumber/cucumber-gherkin/7.11.1/cucumber-gherkin-7.11.1.jar:/Users/vipul/.m2/repository/io/cucumber/cucumber-gherkin-messages/7.11.1/cucumber-gherkin-messages-7.11.1.jar:/Users/vipul/.m2/repository/io/cucumber/gherkin/26.0.3/gherkin-26.0.3.jar:/Users/vipul/.m2/repository/io/cucumber/messages/21.0.1/messages-21.0.1.jar:/Users/vipul/.m2/repository/io/cucumber/tag-expressions/5.0.1/tag-expressions-5.0.1.jar:/Users/vipul/.m2/repository/io/cucumber/cucumber-expressions/16.1.2/cucumber-expressions-16.1.2.jar:/Users/vipul/.m2/repository/io/cucumber/datatable/7.11.1/datatable-7.11.1.jar:/Users/vipul/.m2/repository/io/cucumber/cucumber-plugin/7.11.1/cucumber-plugin-7.11.1.jar:/Users/vipul/.m2/repository/io/cucumber/docstring/7.11.1/docstring-7.11.1.jar:/Users/vipul/.m2/repository/io/cucumber/html-formatter/20.2.1/html-formatter-20.2.1.jar:/Users/vipul/.m2/repository/io/cucumber/junit-xml-formatter/0.1.0/junit-xml-formatter-0.1.0.jar:/Users/vipul/.m2/repository/io/cucumber/ci-environment/9.1.0/ci-environment-9.1.0.jar:/Users/vipul/.m2/repository/org/apiguardian/apiguardian-api/1.1.2/apiguardian-api-1.1.2.jar:/Users/vipul/.m2/repository/io/cucumber/cucumber-junit/7.11.1/cucumber-junit-7.11.1.jar:/Users/vipul/.m2/repository/junit/junit/4.11/junit-4.11.jar:/Users/vipul/.m2/repository/org/hamcrest/hamcrest-core/1.3/hamcrest-core-1.3.jar:/Users/vipul/.m2/repository/org/seleniumhq/selenium/selenium-java/4.8.3/selenium-java-4.8.3.jar:/Users/vipul/.m2/repository/org/seleniumhq/selenium/selenium-api/4.8.3/selenium-api-4.8.3.jar:/Users/vipul/.m2/repository/org/seleniumhq/selenium/selenium-chrome-driver/4.8.3/selenium-chrome-driver-4.8.3.jar:/Users/vipul/.m2/repository/com/google/auto/service/auto-service-annotations/1.0.1/auto-service-annotations-1.0.1.jar:/Users/vipul/.m2/repository/com/google/auto/service/auto-service/1.0.1/auto-service-1.0.1.jar:/Users/vipul/.m2/repository/com/google/auto/auto-common/1.2/auto-common-1.2.jar:/Users/vipul/.m2/repository/com/google/guava/guava/31.1-jre/guava-31.1-jre.jar:/Users/vipul/.m2/repository/com/google/guava/failureaccess/1.0.1/failureaccess-1.0.1.jar:/Users/vipul/.m2/repository/com/google/guava/listenablefuture/9999.0-empty-to-avoid-conflict-with-guava/listenablefuture-9999.0-empty-to-avoid-conflict-with-guava.jar:/Users/vipul/.m2/repository/com/google/code/findbugs/jsr305/3.0.2/jsr305-3.0.2.jar:/Users/vipul/.m2/repository/org/checkerframework/checker-qual/3.12.0/checker-qual-3.12.0.jar:/Users/vipul/.m2/repository/com/google/errorprone/error_prone_annotations/2.11.0/error_prone_annotations-2.11.0.jar:/Users/vipul/.m2/repository/com/google/j2objc/j2objc-annotations/1.3/j2objc-annotations-1.3.jar:/Users/vipul/.m2/repository/org/seleniumhq/selenium/selenium-chromium-driver/4.8.3/selenium-chromium-driver-4.8.3.jar:/Users/vipul/.m2/repository/org/seleniumhq/selenium/selenium-json/4.8.3/selenium-json-4.8.3.jar:/Users/vipul/.m2/repository/org/seleniumhq/selenium/selenium-manager/4.8.3/selenium-manager-4.8.3.jar:/Users/vipul/.m2/repository/org/seleniumhq/selenium/selenium-devtools-v109/4.8.3/selenium-devtools-v109-4.8.3.jar:/Users/vipul/.m2/repository/org/seleniumhq/selenium/selenium-devtools-v110/4.8.3/selenium-devtools-v110-4.8.3.jar:/Users/vipul/.m2/repository/org/seleniumhq/selenium/selenium-devtools-v111/4.8.3/selenium-devtools-v111-4.8.3.jar:/Users/vipul/.m2/repository/org/seleniumhq/selenium/selenium-devtools-v85/4.8.3/selenium-devtools-v85-4.8.3.jar:/Users/vipul/.m2/repository/org/seleniumhq/selenium/selenium-edge-driver/4.8.3/selenium-edge-driver-4.8.3.jar:/Users/vipul/.m2/repository/org/seleniumhq/selenium/selenium-firefox-driver/4.8.3/selenium-firefox-driver-4.8.3.jar:/Users/vipul/.m2/repository/org/seleniumhq/selenium/selenium-http/4.8.3/selenium-http-4.8.3.jar:/Users/vipul/.m2/repository/dev/failsafe/failsafe/3.3.1/failsafe-3.3.1.jar:/Users/vipul/.m2/repository/org/seleniumhq/selenium/selenium-ie-driver/4.8.3/selenium-ie-driver-4.8.3.jar:/Users/vipul/.m2/repository/org/seleniumhq/selenium/selenium-remote-driver/4.8.3/selenium-remote-driver-4.8.3.jar:/Users/vipul/.m2/repository/com/beust/jcommander/1.82/jcommander-1.82.jar:/Users/vipul/.m2/repository/io/netty/netty-buffer/4.1.90.Final/netty-buffer-4.1.90.Final.jar:/Users/vipul/.m2/repository/io/netty/netty-codec-http/4.1.90.Final/netty-codec-http-4.1.90.Final.jar:/Users/vipul/.m2/repository/io/netty/netty-codec/4.1.90.Final/netty-codec-4.1.90.Final.jar:/Users/vipul/.m2/repository/io/netty/netty-handler/4.1.90.Final/netty-handler-4.1.90.Final.jar:/Users/vipul/.m2/repository/io/netty/netty-common/4.1.90.Final/netty-common-4.1.90.Final.jar:/Users/vipul/.m2/repository/io/netty/netty-transport-classes-epoll/4.1.90.Final/netty-transport-classes-epoll-4.1.90.Final.jar:/Users/vipul/.m2/repository/io/netty/netty-transport-classes-kqueue/4.1.90.Final/netty-transport-classes-kqueue-4.1.90.Final.jar:/Users/vipul/.m2/repository/io/netty/netty-transport-native-epoll/4.1.90.Final/netty-transport-native-epoll-4.1.90.Final.jar:/Users/vipul/.m2/repository/io/netty/netty-transport-native-kqueue/4.1.90.Final/netty-transport-native-kqueue-4.1.90.Final.jar:/Users/vipul/.m2/repository/io/netty/netty-transport-native-unix-common/4.1.90.Final/netty-transport-native-unix-common-4.1.90.Final.jar:/Users/vipul/.m2/repository/io/netty/netty-transport/4.1.90.Final/netty-transport-4.1.90.Final.jar:/Users/vipul/.m2/repository/io/netty/netty-resolver/4.1.90.Final/netty-resolver-4.1.90.Final.jar:/Users/vipul/.m2/repository/io/opentelemetry/opentelemetry-api/1.24.0/opentelemetry-api-1.24.0.jar:/Users/vipul/.m2/repository/io/opentelemetry/opentelemetry-context/1.24.0/opentelemetry-context-1.24.0.jar:/Users/vipul/.m2/repository/io/opentelemetry/opentelemetry-exporter-logging/1.24.0/opentelemetry-exporter-logging-1.24.0.jar:/Users/vipul/.m2/repository/io/opentelemetry/opentelemetry-sdk-metrics/1.24.0/opentelemetry-sdk-metrics-1.24.0.jar:/Users/vipul/.m2/repository/io/opentelemetry/opentelemetry-sdk-logs/1.24.0-alpha/opentelemetry-sdk-logs-1.24.0-alpha.jar:/Users/vipul/.m2/repository/io/opentelemetry/opentelemetry-api-logs/1.24.0-alpha/opentelemetry-api-logs-1.24.0-alpha.jar:/Users/vipul/.m2/repository/io/opentelemetry/opentelemetry-api-events/1.24.0-alpha/opentelemetry-api-events-1.24.0-alpha.jar:/Users/vipul/.m2/repository/io/opentelemetry/opentelemetry-sdk-common/1.24.0/opentelemetry-sdk-common-1.24.0.jar:/Users/vipul/.m2/repository/io/opentelemetry/opentelemetry-sdk-extension-autoconfigure-spi/1.24.0/opentelemetry-sdk-extension-autoconfigure-spi-1.24.0.jar:/Users/vipul/.m2/repository/io/opentelemetry/opentelemetry-sdk-extension-autoconfigure/1.24.0-alpha/opentelemetry-sdk-extension-autoconfigure-1.24.0-alpha.jar:/Users/vipul/.m2/repository/io/opentelemetry/opentelemetry-sdk-trace/1.24.0/opentelemetry-sdk-trace-1.24.0.jar:/Users/vipul/.m2/repository/io/opentelemetry/opentelemetry-sdk/1.24.0/opentelemetry-sdk-1.24.0.jar:/Users/vipul/.m2/repository/io/opentelemetry/opentelemetry-semconv/1.24.0-alpha/opentelemetry-semconv-1.24.0-alpha.jar:/Users/vipul/.m2/repository/io/ous/jtoml/2.0.0/jtoml-2.0.0.jar:/Users/vipul/.m2/repository/net/bytebuddy/byte-buddy/1.14.2/byte-buddy-1.14.2.jar:/Users/vipul/.m2/repository/org/apache/commons/commons-exec/1.3/commons-exec-1.3.jar:/Users/vipul/.m2/repository/org/asynchttpclient/async-http-client/2.12.3/async-http-client-2.12.3.jar:/Users/vipul/.m2/repository/org/asynchttpclient/async-http-client-netty-utils/2.12.3/async-http-client-netty-utils-2.12.3.jar:/Users/vipul/.m2/repository/io/netty/netty-codec-socks/4.1.60.Final/netty-codec-socks-4.1.60.Final.jar:/Users/vipul/.m2/repository/io/netty/netty-handler-proxy/4.1.60.Final/netty-handler-proxy-4.1.60.Final.jar:/Users/vipul/.m2/repository/io/netty/netty-transport-native-epoll/4.1.60.Final/netty-transport-native-epoll-4.1.60.Final-linux-x86_64.jar:/Users/vipul/.m2/repository/io/netty/netty-transport-native-kqueue/4.1.60.Final/netty-transport-native-kqueue-4.1.60.Final-osx-x86_64.jar:/Users/vipul/.m2/repository/org/reactivestreams/reactive-streams/1.0.3/reactive-streams-1.0.3.jar:/Users/vipul/.m2/repository/com/typesafe/netty/netty-reactive-streams/2.0.4/netty-reactive-streams-2.0.4.jar:/Users/vipul/.m2/repository/org/slf4j/slf4j-api/1.7.30/slf4j-api-1.7.30.jar:/Users/vipul/.m2/repository/com/sun/activation/jakarta.activation/1.2.2/jakarta.activation-1.2.2.jar:/Users/vipul/.m2/repository/org/seleniumhq/selenium/selenium-safari-driver/4.8.3/selenium-safari-driver-4.8.3.jar:/Users/vipul/.m2/repository/org/seleniumhq/selenium/selenium-support/4.8.3/selenium-support-4.8.3.jar:/Users/vipul/.m2/repository/org/apache/poi/poi/5.2.3/poi-5.2.3.jar:/Users/vipul/.m2/repository/commons-codec/commons-codec/1.15/commons-codec-1.15.jar:/Users/vipul/.m2/repository/org/apache/commons/commons-collections4/4.4/commons-collections4-4.4.jar:/Users/vipul/.m2/repository/org/apache/commons/commons-math3/3.6.1/commons-math3-3.6.1.jar:/Users/vipul/.m2/repository/commons-io/commons-io/2.11.0/commons-io-2.11.0.jar:/Users/vipul/.m2/repository/com/zaxxer/SparseBitSet/1.2/SparseBitSet-1.2.jar:/Users/vipul/.m2/repository/org/apache/logging/log4j/log4j-api/2.18.0/log4j-api-2.18.0.jar:/Users/vipul/.m2/repository/org/apache/poi/poi-ooxml/5.2.3/poi-ooxml-5.2.3.jar:/Users/vipul/.m2/repository/org/apache/poi/poi-ooxml-lite/5.2.3/poi-ooxml-lite-5.2.3.jar:/Users/vipul/.m2/repository/org/apache/xmlbeans/xmlbeans/5.1.1/xmlbeans-5.1.1.jar:/Users/vipul/.m2/repository/org/apache/commons/commons-compress/1.21/commons-compress-1.21.jar:/Users/vipul/.m2/repository/com/github/virtuald/curvesapi/1.07/curvesapi-1.07.jar:"/>
    <property name="java.vm.vendor" value="Eclipse Adoptium"/>
    <property name="sun.arch.data.model" value="64"/>
    <property name="java.vendor.url" value="https://adoptium.net/"/>
    <property name="os.name" value="Mac OS X"/>
    <property name="java.vm.specification.version" value="17"/>
    <property name="sun.java.launcher" value="SUN_STANDARD"/>
    <property name="user.country" value="IN"/>
    <property name="sun.boot.library.path" value="/Applications/Eclipse.app/Contents/Eclipse/plugins/org.eclipse.justj.openjdk.hotspot.jre.full.macosx.aarch64_17.0.6.v20230204-1729/jre/lib"/>
    <property name="sun.java.command" value="/Users/vipul/Documents/Vipul/AutomationProjects/TEST/target/surefire/surefirebooter5676941160444889608.jar /Users/vipul/Documents/Vipul/AutomationProjects/TEST/target/surefire 2023-04-16T21-39-07_144-jvmRun1 surefire4480464680056481882tmp surefire_010417131012259427659tmp"/>
    <property name="http.nonProxyHosts" value="local|*.local|169.254/16|*.169.254/16"/>
    <property name="jdk.debug" value="release"/>
    <property name="surefire.test.class.path" value="/Users/vipul/Documents/Vipul/AutomationProjects/TEST/target/test-classes:/Users/vipul/Documents/Vipul/AutomationProjects/TEST/target/classes:/Users/vipul/.m2/repository/io/cucumber/cucumber-java/7.11.1/cucumber-java-7.11.1.jar:/Users/vipul/.m2/repository/io/cucumber/cucumber-core/7.11.1/cucumber-core-7.11.1.jar:/Users/vipul/.m2/repository/io/cucumber/cucumber-gherkin/7.11.1/cucumber-gherkin-7.11.1.jar:/Users/vipul/.m2/repository/io/cucumber/cucumber-gherkin-messages/7.11.1/cucumber-gherkin-messages-7.11.1.jar:/Users/vipul/.m2/repository/io/cucumber/gherkin/26.0.3/gherkin-26.0.3.jar:/Users/vipul/.m2/repository/io/cucumber/messages/21.0.1/messages-21.0.1.jar:/Users/vipul/.m2/repository/io/cucumber/tag-expressions/5.0.1/tag-expressions-5.0.1.jar:/Users/vipul/.m2/repository/io/cucumber/cucumber-expressions/16.1.2/cucumber-expressions-16.1.2.jar:/Users/vipul/.m2/repository/io/cucumber/datatable/7.11.1/datatable-7.11.1.jar:/Users/vipul/.m2/repository/io/cucumber/cucumber-plugin/7.11.1/cucumber-plugin-7.11.1.jar:/Users/vipul/.m2/repository/io/cucumber/docstring/7.11.1/docstring-7.11.1.jar:/Users/vipul/.m2/repository/io/cucumber/html-formatter/20.2.1/html-formatter-20.2.1.jar:/Users/vipul/.m2/repository/io/cucumber/junit-xml-formatter/0.1.0/junit-xml-formatter-0.1.0.jar:/Users/vipul/.m2/repository/io/cucumber/ci-environment/9.1.0/ci-environment-9.1.0.jar:/Users/vipul/.m2/repository/org/apiguardian/apiguardian-api/1.1.2/apiguardian-api-1.1.2.jar:/Users/vipul/.m2/repository/io/cucumber/cucumber-junit/7.11.1/cucumber-junit-7.11.1.jar:/Users/vipul/.m2/repository/junit/junit/4.11/junit-4.11.jar:/Users/vipul/.m2/repository/org/hamcrest/hamcrest-core/1.3/hamcrest-core-1.3.jar:/Users/vipul/.m2/repository/org/seleniumhq/selenium/selenium-java/4.8.3/selenium-java-4.8.3.jar:/Users/vipul/.m2/repository/org/seleniumhq/selenium/selenium-api/4.8.3/selenium-api-4.8.3.jar:/Users/vipul/.m2/repository/org/seleniumhq/selenium/selenium-chrome-driver/4.8.3/selenium-chrome-driver-4.8.3.jar:/Users/vipul/.m2/repository/com/google/auto/service/auto-service-annotations/1.0.1/auto-service-annotations-1.0.1.jar:/Users/vipul/.m2/repository/com/google/auto/service/auto-service/1.0.1/auto-service-1.0.1.jar:/Users/vipul/.m2/repository/com/google/auto/auto-common/1.2/auto-common-1.2.jar:/Users/vipul/.m2/repository/com/google/guava/guava/31.1-jre/guava-31.1-jre.jar:/Users/vipul/.m2/repository/com/google/guava/failureaccess/1.0.1/failureaccess-1.0.1.jar:/Users/vipul/.m2/repository/com/google/guava/listenablefuture/9999.0-empty-to-avoid-conflict-with-guava/listenablefuture-9999.0-empty-to-avoid-conflict-with-guava.jar:/Users/vipul/.m2/repository/com/google/code/findbugs/jsr305/3.0.2/jsr305-3.0.2.jar:/Users/vipul/.m2/repository/org/checkerframework/checker-qual/3.12.0/checker-qual-3.12.0.jar:/Users/vipul/.m2/repository/com/google/errorprone/error_prone_annotations/2.11.0/error_prone_annotations-2.11.0.jar:/Users/vipul/.m2/repository/com/google/j2objc/j2objc-annotations/1.3/j2objc-annotations-1.3.jar:/Users/vipul/.m2/repository/org/seleniumhq/selenium/selenium-chromium-driver/4.8.3/selenium-chromium-driver-4.8.3.jar:/Users/vipul/.m2/repository/org/seleniumhq/selenium/selenium-json/4.8.3/selenium-json-4.8.3.jar:/Users/vipul/.m2/repository/org/seleniumhq/selenium/selenium-manager/4.8.3/selenium-manager-4.8.3.jar:/Users/vipul/.m2/repository/org/seleniumhq/selenium/selenium-devtools-v109/4.8.3/selenium-devtools-v109-4.8.3.jar:/Users/vipul/.m2/repository/org/seleniumhq/selenium/selenium-devtools-v110/4.8.3/selenium-devtools-v110-4.8.3.jar:/Users/vipul/.m2/repository/org/seleniumhq/selenium/selenium-devtools-v111/4.8.3/selenium-devtools-v111-4.8.3.jar:/Users/vipul/.m2/repository/org/seleniumhq/selenium/selenium-devtools-v85/4.8.3/selenium-devtools-v85-4.8.3.jar:/Users/vipul/.m2/repository/org/seleniumhq/selenium/selenium-edge-driver/4.8.3/selenium-edge-driver-4.8.3.jar:/Users/vipul/.m2/repository/org/seleniumhq/selenium/selenium-firefox-driver/4.8.3/selenium-firefox-driver-4.8.3.jar:/Users/vipul/.m2/repository/org/seleniumhq/selenium/selenium-http/4.8.3/selenium-http-4.8.3.jar:/Users/vipul/.m2/repository/dev/failsafe/failsafe/3.3.1/failsafe-3.3.1.jar:/Users/vipul/.m2/repository/org/seleniumhq/selenium/selenium-ie-driver/4.8.3/selenium-ie-driver-4.8.3.jar:/Users/vipul/.m2/repository/org/seleniumhq/selenium/selenium-remote-driver/4.8.3/selenium-remote-driver-4.8.3.jar:/Users/vipul/.m2/repository/com/beust/jcommander/1.82/jcommander-1.82.jar:/Users/vipul/.m2/repository/io/netty/netty-buffer/4.1.90.Final/netty-buffer-4.1.90.Final.jar:/Users/vipul/.m2/repository/io/netty/netty-codec-http/4.1.90.Final/netty-codec-http-4.1.90.Final.jar:/Users/vipul/.m2/repository/io/netty/netty-codec/4.1.90.Final/netty-codec-4.1.90.Final.jar:/Users/vipul/.m2/repository/io/netty/netty-handler/4.1.90.Final/netty-handler-4.1.90.Final.jar:/Users/vipul/.m2/repository/io/netty/netty-common/4.1.90.Final/netty-common-4.1.90.Final.jar:/Users/vipul/.m2/repository/io/netty/netty-transport-classes-epoll/4.1.90.Final/netty-transport-classes-epoll-4.1.90.Final.jar:/Users/vipul/.m2/repository/io/netty/netty-transport-classes-kqueue/4.1.90.Final/netty-transport-classes-kqueue-4.1.90.Final.jar:/Users/vipul/.m2/repository/io/netty/netty-transport-native-epoll/4.1.90.Final/netty-transport-native-epoll-4.1.90.Final.jar:/Users/vipul/.m2/repository/io/netty/netty-transport-native-kqueue/4.1.90.Final/netty-transport-native-kqueue-4.1.90.Final.jar:/Users/vipul/.m2/repository/io/netty/netty-transport-native-unix-common/4.1.90.Final/netty-transport-native-unix-common-4.1.90.Final.jar:/Users/vipul/.m2/repository/io/netty/netty-transport/4.1.90.Final/netty-transport-4.1.90.Final.jar:/Users/vipul/.m2/repository/io/netty/netty-resolver/4.1.90.Final/netty-resolver-4.1.90.Final.jar:/Users/vipul/.m2/repository/io/opentelemetry/opentelemetry-api/1.24.0/opentelemetry-api-1.24.0.jar:/Users/vipul/.m2/repository/io/opentelemetry/opentelemetry-context/1.24.0/opentelemetry-context-1.24.0.jar:/Users/vipul/.m2/repository/io/opentelemetry/opentelemetry-exporter-logging/1.24.0/opentelemetry-exporter-logging-1.24.0.jar:/Users/vipul/.m2/repository/io/opentelemetry/opentelemetry-sdk-metrics/1.24.0/opentelemetry-sdk-metrics-1.24.0.jar:/Users/vipul/.m2/repository/io/opentelemetry/opentelemetry-sdk-logs/1.24.0-alpha/opentelemetry-sdk-logs-1.24.0-alpha.jar:/Users/vipul/.m2/repository/io/opentelemetry/opentelemetry-api-logs/1.24.0-alpha/opentelemetry-api-logs-1.24.0-alpha.jar:/Users/vipul/.m2/repository/io/opentelemetry/opentelemetry-api-events/1.24.0-alpha/opentelemetry-api-events-1.24.0-alpha.jar:/Users/vipul/.m2/repository/io/opentelemetry/opentelemetry-sdk-common/1.24.0/opentelemetry-sdk-common-1.24.0.jar:/Users/vipul/.m2/repository/io/opentelemetry/opentelemetry-sdk-extension-autoconfigure-spi/1.24.0/opentelemetry-sdk-extension-autoconfigure-spi-1.24.0.jar:/Users/vipul/.m2/repository/io/opentelemetry/opentelemetry-sdk-extension-autoconfigure/1.24.0-alpha/opentelemetry-sdk-extension-autoconfigure-1.24.0-alpha.jar:/Users/vipul/.m2/repository/io/opentelemetry/opentelemetry-sdk-trace/1.24.0/opentelemetry-sdk-trace-1.24.0.jar:/Users/vipul/.m2/repository/io/opentelemetry/opentelemetry-sdk/1.24.0/opentelemetry-sdk-1.24.0.jar:/Users/vipul/.m2/repository/io/opentelemetry/opentelemetry-semconv/1.24.0-alpha/opentelemetry-semconv-1.24.0-alpha.jar:/Users/vipul/.m2/repository/io/ous/jtoml/2.0.0/jtoml-2.0.0.jar:/Users/vipul/.m2/repository/net/bytebuddy/byte-buddy/1.14.2/byte-buddy-1.14.2.jar:/Users/vipul/.m2/repository/org/apache/commons/commons-exec/1.3/commons-exec-1.3.jar:/Users/vipul/.m2/repository/org/asynchttpclient/async-http-client/2.12.3/async-http-client-2.12.3.jar:/Users/vipul/.m2/repository/org/asynchttpclient/async-http-client-netty-utils/2.12.3/async-http-client-netty-utils-2.12.3.jar:/Users/vipul/.m2/repository/io/netty/netty-codec-socks/4.1.60.Final/netty-codec-socks-4.1.60.Final.jar:/Users/vipul/.m2/repository/io/netty/netty-handler-proxy/4.1.60.Final/netty-handler-proxy-4.1.60.Final.jar:/Users/vipul/.m2/repository/io/netty/netty-transport-native-epoll/4.1.60.Final/netty-transport-native-epoll-4.1.60.Final-linux-x86_64.jar:/Users/vipul/.m2/repository/io/netty/netty-transport-native-kqueue/4.1.60.Final/netty-transport-native-kqueue-4.1.60.Final-osx-x86_64.jar:/Users/vipul/.m2/repository/org/reactivestreams/reactive-streams/1.0.3/reactive-streams-1.0.3.jar:/Users/vipul/.m2/repository/com/typesafe/netty/netty-reactive-streams/2.0.4/netty-reactive-streams-2.0.4.jar:/Users/vipul/.m2/repository/org/slf4j/slf4j-api/1.7.30/slf4j-api-1.7.30.jar:/Users/vipul/.m2/repository/com/sun/activation/jakarta.activation/1.2.2/jakarta.activation-1.2.2.jar:/Users/vipul/.m2/repository/org/seleniumhq/selenium/selenium-safari-driver/4.8.3/selenium-safari-driver-4.8.3.jar:/Users/vipul/.m2/repository/org/seleniumhq/selenium/selenium-support/4.8.3/selenium-support-4.8.3.jar:/Users/vipul/.m2/repository/org/apache/poi/poi/5.2.3/poi-5.2.3.jar:/Users/vipul/.m2/repository/commons-codec/commons-codec/1.15/commons-codec-1.15.jar:/Users/vipul/.m2/repository/org/apache/commons/commons-collections4/4.4/commons-collections4-4.4.jar:/Users/vipul/.m2/repository/org/apache/commons/commons-math3/3.6.1/commons-math3-3.6.1.jar:/Users/vipul/.m2/repository/commons-io/commons-io/2.11.0/commons-io-2.11.0.jar:/Users/vipul/.m2/repository/com/zaxxer/SparseBitSet/1.2/SparseBitSet-1.2.jar:/Users/vipul/.m2/repository/org/apache/logging/log4j/log4j-api/2.18.0/log4j-api-2.18.0.jar:/Users/vipul/.m2/repository/org/apache/poi/poi-ooxml/5.2.3/poi-ooxml-5.2.3.jar:/Users/vipul/.m2/repository/org/apache/poi/poi-ooxml-lite/5.2.3/poi-ooxml-lite-5.2.3.jar:/Users/vipul/.m2/repository/org/apache/xmlbeans/xmlbeans/5.1.1/xmlbeans-5.1.1.jar:/Users/vipul/.m2/repository/org/apache/commons/commons-compress/1.21/commons-compress-1.21.jar:/Users/vipul/.m2/repository/com/github/virtuald/curvesapi/1.07/curvesapi-1.07.jar:"/>
    <property name="sun.cpu.endian" value="little"/>
    <property name="user.home" value="/Users/vipul"/>
    <property name="user.language" value="en"/>
    <property name="java.specification.vendor" value="Oracle Corporation"/>
    <property name="java.version.date" value="2023-01-17"/>
    <property name="java.home" value="/Applications/Eclipse.app/Contents/Eclipse/plugins/org.eclipse.justj.openjdk.hotspot.jre.full.macosx.aarch64_17.0.6.v20230204-1729/jre"/>
    <property name="file.separator" value="/"/>
    <property name="style.color" value="always"/>
    <property name="basedir" value="/Users/vipul/Documents/Vipul/AutomationProjects/TEST"/>
    <property name="java.vm.compressedOopsMode" value="Zero based"/>
    <property name="line.separator" value="&#10;"/>
    <property name="java.vm.specification.vendor" value="Oracle Corporation"/>
    <property name="java.specification.name" value="Java Platform API Specification"/>
    <property name="surefire.real.class.path" value="/Users/vipul/Documents/Vipul/AutomationProjects/TEST/target/surefire/surefirebooter5676941160444889608.jar"/>
    <property name="sun.management.compiler" value="HotSpot 64-Bit Tiered Compilers"/>
    <property name="ftp.nonProxyHosts" value="local|*.local|169.254/16|*.169.254/16"/>
    <property name="java.runtime.version" value="17.0.6+10"/>
    <property name="user.name" value="vipul"/>
    <property name="path.separator" value=":"/>
    <property name="os.version" value="12.6.4"/>
    <property name="java.runtime.name" value="OpenJDK Runtime Environment"/>
    <property name="file.encoding" value="UTF-8"/>
    <property name="java.vm.name" value="OpenJDK 64-Bit Server VM"/>
    <property name="java.vendor.version" value="Temurin-17.0.6+10"/>
    <property name="localRepository" value="/Users/vipul/.m2/repository"/>
    <property name="java.vendor.url.bug" value="https://github.com/adoptium/adoptium-support/issues"/>
    <property name="java.io.tmpdir" value="/var/folders/5y/6_9g5gmj34lbbwkvkzf3lz940000gn/T/"/>
    <property name="java.version" value="17.0.6"/>
    <property name="user.dir" value="/Users/vipul/Documents/Vipul/AutomationProjects/TEST"/>
    <property name="os.arch" value="aarch64"/>
    <property name="java.vm.specification.name" value="Java Virtual Machine Specification"/>
    <property name="native.encoding" value="UTF-8"/>
    <property name="java.library.path" value="/Users/vipul/Library/Java/Extensions:/Library/Java/Extensions:/Network/Library/Java/Extensions:/System/Library/Java/Extensions:/usr/lib/java:."/>
    <property name="java.vm.info" value="mixed mode"/>
    <property name="java.vendor" value="Eclipse Adoptium"/>
    <property name="java.vm.version" value="17.0.6+10"/>
    <property name="sun.io.unicode.encoding" value="UnicodeBig"/>
    <property name="socksNonProxyHosts" value="local|*.local|169.254/16|*.169.254/16"/>
    <property name="java.class.version" value="61.0"/>
  </properties>
  <testcase name="Login panel item count" classname="Home Page Test" time="39.21"/>
  <testcase name="Landing page title" classname="Landing page feature" time="35.504"/>
  <testcase name="Landing page url" classname="Landing page feature" time="155.633">
    <error message="Expected condition failed: waiting for url to contain &quot;lenskaxrt.com&quot;. Current url: &quot;https://www.lenskart.com/&quot; (tried for 120 second(s) with 500 milliseconds interval)&#10;Build info: version: &apos;4.8.3&apos;, revision: &apos;e5e76298c3&apos;&#10;System info: os.name: &apos;Mac OS X&apos;, os.arch: &apos;aarch64&apos;, os.version: &apos;12.6.4&apos;, java.version: &apos;17.0.6&apos;&#10;Driver info: org.openqa.selenium.firefox.FirefoxDriver&#10;Capabilities {acceptInsecureCerts: true, browserName: firefox, browserVersion: 112.0, moz:accessibilityChecks: false, moz:buildID: 20230406114409, moz:debuggerAddress: 127.0.0.1:27075, moz:geckodriverVersion: 0.33.0, moz:headless: false, moz:platformVersion: 21.6.0, moz:processID: 5267, moz:profile: /var/folders/5y/6_9g5gmj34l..., moz:shutdownTimeout: 60000, moz:useNonSpecCompliantPointerOrigin: false, moz:webdriverClick: true, moz:windowless: false, pageLoadStrategy: normal, platformName: MAC, proxy: Proxy(), se:cdp: ws://127.0.0.1:27075/devtoo..., se:cdpVersion: 85.0, setWindowRect: true, strictFileInteractability: false, timeouts: {implicit: 0, pageLoad: 300000, script: 30000}, unhandledPromptBehavior: dismiss and notify}&#10;Session ID: 820b608c-36ee-40c6-aed7-795514607896" type="org.openqa.selenium.TimeoutException">org.openqa.selenium.TimeoutException: 
Expected condition failed: waiting for url to contain "lenskaxrt.com". Current url: "https://www.lenskart.com/" (tried for 120 second(s) with 500 milliseconds interval)
Build info: version: '4.8.3', revision: 'e5e76298c3'
System info: os.name: 'Mac OS X', os.arch: 'aarch64', os.version: '12.6.4', java.version: '17.0.6'
Driver info: org.openqa.selenium.firefox.FirefoxDriver
Capabilities {acceptInsecureCerts: true, browserName: firefox, browserVersion: 112.0, moz:accessibilityChecks: false, moz:buildID: 20230406114409, moz:debuggerAddress: 127.0.0.1:27075, moz:geckodriverVersion: 0.33.0, moz:headless: false, moz:platformVersion: 21.6.0, moz:processID: 5267, moz:profile: /var/folders/5y/6_9g5gmj34l..., moz:shutdownTimeout: 60000, moz:useNonSpecCompliantPointerOrigin: false, moz:webdriverClick: true, moz:windowless: false, pageLoadStrategy: normal, platformName: MAC, proxy: Proxy(), se:cdp: ws://127.0.0.1:27075/devtoo..., se:cdpVersion: 85.0, setWindowRect: true, strictFileInteractability: false, timeouts: {implicit: 0, pageLoad: 300000, script: 30000}, unhandledPromptBehavior: dismiss and notify}
Session ID: 820b608c-36ee-40c6-aed7-795514607896
</error>
    <system-out><![CDATA[
Scenario: Landing page url                                             &amp#27;[90m# src/test/resources/AppFeatures/LandingPage.feature:7&amp#27;[0m
Running on QA environment ....
Browser is launched ...
Executing scenario: Landing page url
Setup the database ...
  &amp#27;[32mGiven &amp#27;[0m&amp#27;[32mUser enters the url &amp#27;[0m&amp#27;[32m&amp#27;[1m"https://www.lenskart.com/"&amp#27;[0m&amp#27;[32m in the browser&amp#27;[0m &amp#27;[90m# stepdefinitions.LandingPageSteps.user_is_on_landing_page(java.lang.String)&amp#27;[0m
  &amp#27;[31mThen &amp#27;[0m&amp#27;[31mPage url should contain &amp#27;[0m&amp#27;[31m&amp#27;[1m"lenskaxrt.com"&amp#27;[0m                         &amp#27;[90m# stepdefinitions.LandingPageSteps.page_url_should_contain(java.lang.String)&amp#27;[0m
      &amp#27;[31morg.openqa.selenium.TimeoutException: Expected condition failed: waiting for url to contain "lenskaxrt.com". Current url: "https://www.lenskart.com/" (tried for 120 second(s) with 500 milliseconds interval)
Build info: version: '4.8.3', revision: 'e5e76298c3'
System info: os.name: 'Mac OS X', os.arch: 'aarch64', os.version: '12.6.4', java.version: '17.0.6'
Driver info: org.openqa.selenium.firefox.FirefoxDriver
Capabilities {acceptInsecureCerts: true, browserName: firefox, browserVersion: 112.0, moz:accessibilityChecks: false, moz:buildID: 20230406114409, moz:debuggerAddress: 127.0.0.1:27075, moz:geckodriverVersion: 0.33.0, moz:headless: false, moz:platformVersion: 21.6.0, moz:processID: 5267, moz:profile: /var/folders/5y/6_9g5gmj34l..., moz:shutdownTimeout: 60000, moz:useNonSpecCompliantPointerOrigin: false, moz:webdriverClick: true, moz:windowless: false, pageLoadStrategy: normal, platformName: MAC, proxy: Proxy(), se:cdp: ws://127.0.0.1:27075/devtoo..., se:cdpVersion: 85.0, setWindowRect: true, strictFileInteractability: false, timeouts: {implicit: 0, pageLoad: 300000, script: 30000}, unhandledPromptBehavior: dismiss and notify}
Session ID: 820b608c-36ee-40c6-aed7-795514607896
	at org.openqa.selenium.support.ui.WebDriverWait.timeoutException(WebDriverWait.java:87)
	at org.openqa.selenium.support.ui.FluentWait.until(FluentWait.java:231)
	at com.qa.utils.WaitUtils.ifUrlContainsText(WaitUtils.java:98)
	at com.pages.LandingPage.isUrlSubstringPresent(LandingPage.java:42)
	at stepdefinitions.LandingPageSteps.page_url_should_contain(LandingPageSteps.java:38)
	at âœ½.Page url should contain "lenskaxrt.com"(file:///Users/vipul/Documents/Vipul/AutomationProjects/TEST/src/test/resources/AppFeatures/LandingPage.feature:9)
&amp#27;[0m

    Embedding Landing_page_url [image/png 1448199 bytes]

Scenario Failed, Take Screenshot ...
Quit the browser ...
]]></system-out>
    <system-err><![CDATA[1681661422886	geckodriver	INFO	Listening on 127.0.0.1:2905
1681661422949	mozrunner::runner	INFO	Running command: MOZ_CRASHREPORTER="1" MOZ_CRASHREPORTER_NO_REPORT="1" MOZ_CRASHREPORTER_SHUTDOWN="1" MOZ_NO_REMOTE="1" "/App ... /[::1]:27075/" "-foreground" "-no-remote" "-profile" "/var/folders/5y/6_9g5gmj34lbbwkvkzf3lz940000gn/T/rust_mozprofileHO6XKR"
console.warn: services.settings: Ignoring preference override of remote settings server
console.warn: services.settings: Allow by setting MOZ_REMOTE_SETTINGS_DEVTOOLS=1 in the environment
1681661423278	Marionette	INFO	Marionette enabled
1681661423351	Marionette	INFO	Listening on port 55506
Read port: 55506
console.error: "Warning: unrecognized command line flag -remote-allow-hosts\n"
console.error: "Warning: unrecognized command line flag -remote-allow-origins\n"
2023-04-16 21:40:23.383 plugin-container[5268:154817] nil host used in call to allowsSpecificHTTPSCertificateForHost
2023-04-16 21:40:23.383 plugin-container[5268:154817] nil host used in call to allowsAnyHTTPSCertificateForHost:
2023-04-16 21:40:23.389 plugin-container[5268:154817] nil host used in call to allowsSpecificHTTPSCertificateForHost
2023-04-16 21:40:23.389 plugin-container[5268:154817] nil host used in call to allowsAnyHTTPSCertificateForHost:
2023-04-16 21:40:23.390 plugin-container[5268:154824] nil host used in call to allowsSpecificHTTPSCertificateForHost
2023-04-16 21:40:23.390 plugin-container[5268:154824] nil host used in call to allowsAnyHTTPSCertificateForHost:
WebDriver BiDi listening on ws://127.0.0.1:27075
1681661423508	RemoteAgent	WARN	TLS certificate errors will be ignored for this session
UNSUPPORTED (log once): POSSIBLE ISSUE: unit 1 GLD_TEXTURE_INDEX_2D is unloadable and bound to sampler type (Float) - using zero texture because texture unloadable
console.warn: SearchSettings: "get: No settings file exists, new profile?" (new NotFoundError("Could not open the file at /var/folders/5y/6_9g5gmj34lbbwkvkzf3lz940000gn/T/rust_mozprofileHO6XKR/search.json.mozlz4", (void 0)))
[ERROR glean_core] Error setting metrics feature config: Json(Error("EOF while parsing a value", line: 1, column: 0))
DevTools listening on ws://127.0.0.1:27075/devtools/browser/e5e970f9-48b0-461a-8819-69827245095a
1681661427412	Marionette	WARN	Ignoring event 'pageshow' because document has an invalid readyState of 'interactive'.
1681661577877	RemoteAgent	INFO	Perform WebSocket upgrade for incoming connection from 127.0.0.1:55642
1681661577879	CDP	WARN	Invalid browser preferences for CDP. Set "fission.webContentIsolationStrategy"to 0 and "fission.bfcacheInParent" to false before Firefox starts.
1681661577886	Marionette	INFO	Stopped listening on port 55506
]]></system-err>
  </testcase>
  <testcase name="Login with correct credentials" classname="Landing page feature" time="37.851"/>
  <testcase name="Login with valid usernme and password #1" classname="Login" time="3.969"/>
  <testcase name="Login with valid usernme and password #2" classname="Login" time="3.751"/>
  <testcase name="Login with valid usernme and password #3" classname="Login" time="3.797"/>
  <testcase name="Login with valid usernme and password #4" classname="Login" time="3.828"/>
  <testcase name="Login with valid usernme and password #5" classname="Login" time="3.791"/>
</testsuite>