<?xml version="1.0" encoding="UTF-8"?>
<testsuite xmlns:xsi="http://www.w3.org/2001/XMLSchema-instance" xsi:noNamespaceSchemaLocation="https://maven.apache.org/surefire/maven-surefire-plugin/xsd/surefire-test-report.xsd" name="testrunners.SmokeTest" time="300.371" tests="9" errors="1" skipped="0" failures="0">
  <properties>
[...]
</properties>
  <testcase name="Login panel item count" classname="Home Page Test" time="39.21"/>
  <testcase name="Landing page title" classname="Landing page feature" time="35.504"/>
  <testcase name="Landing page url" classname="Landing page feature" time="155.633">
    <error message="Expected condition failed: waiting for url to contain &quot;lenskaxrt.com&quot;. Current url: &quot;https://www.lenskart.com/&quot; (tried for 120 second(s) with 500 milliseconds interval)&#10;Build info: version: &apos;4.8.3&apos;, revision: &apos;e5e76298c3&apos;&#10;System info: os.name: &apos;Mac OS X&apos;, os.arch: &apos;aarch64&apos;, os.version: &apos;12.6.4&apos;, java.version: &apos;17.0.6&apos;&#10;Driver info: org.openqa.selenium.firefox.FirefoxDriver&#10;Capabilities {acceptInsecureCerts: true, browserName: firefox, browserVersion: 112.0, moz:accessibilityChecks: false, moz:buildID: 20230406114409, moz:debuggerAddress: 127.0.0.1:27075, moz:geckodriverVersion: 0.33.0, moz:headless: false, moz:platformVersion: 21.6.0, moz:processID: 5267, moz:profile: /var/folders/5y/6_9g5gmj34l..., moz:shutdownTimeout: 60000, moz:useNonSpecCompliantPointerOrigin: false, moz:webdriverClick: true, moz:windowless: false, pageLoadStrategy: normal, platformName: MAC, proxy: Proxy(), se:cdp: ws://127.0.0.1:27075/devtoo..., se:cdpVersion: 85.0, setWindowRect: true, strictFileInteractability: false, timeouts: {implicit: 0, pageLoad: 300000, script: 30000}, unhandledPromptBehavior: dismiss and notify}&#10;Session ID: 820b608c-36ee-40c6-aed7-795514607896" type="org.openqa.selenium.TimeoutException">org.openqa.selenium.TimeoutException: 
Expected condition failed: waiting for url to contain "lenskaxrt.com". Current url: "https://www.lenskart.com/" (tried for 120 second(s) with 500 milliseconds interval)
Build info: version: '4.8.3', revision: 'e5e76298c3'
System info: os.name: 'Mac OS X', os.arch: 'aarch64', os.version: '12.6.4', java.version: '17.0.6'
Driver info: org.openqa.selenium.firefox.FirefoxDriver
Capabilities {acceptInsecureCerts: true, browserName: firefox, browserVersion: 112.0, moz:accessibilityChecks: false, moz:buildID: 20230406114409, moz:debuggerAddress: 127.0.0.1:27075, moz:geckodriverVersion: 0.33.0, moz:headless: false, moz:platformVersion: 21.6.0, moz:processID: 5267, moz:profile: /var/folders/5y/6_9g5gmj34l..., moz:shutdownTimeout: 60000, moz:useNonSpecCompliantPointerOrigin: false, moz:webdriverClick: true, moz:windowless: false, pageLoadStrategy: normal, platformName: MAC, proxy: Proxy(), se:cdp: ws://127.0.0.1:27075/devtoo..., se:cdpVersion: 85.0, setWindowRect: true, strictFileInteractability: false, timeouts: {implicit: 0, pageLoad: 300000, script: 30000}, unhandledPromptBehavior: dismiss and notify}
Session ID: 820b608c-36ee-40c6-aed7-795514607896
</error>
    <system-out><![CDATA[
Scenario: Landing page url                                             &amp#27;[90m# src/test/resources/AppFeatures/LandingPage.feature:7&amp#27;[0m
Running on QA environment ....
Browser is launched ...
Executing scenario: Landing page url
Setup the database ...
  &amp#27;[32mGiven &amp#27;[0m&amp#27;[32mUser enters the url &amp#27;[0m&amp#27;[32m&amp#27;[1m"https://www.lenskart.com/"&amp#27;[0m&amp#27;[32m in the browser&amp#27;[0m &amp#27;[90m# stepdefinitions.LandingPageSteps.user_is_on_landing_page(java.lang.String)&amp#27;[0m
  &amp#27;[31mThen &amp#27;[0m&amp#27;[31mPage url should contain &amp#27;[0m&amp#27;[31m&amp#27;[1m"lenskaxrt.com"&amp#27;[0m                         &amp#27;[90m# stepdefinitions.LandingPageSteps.page_url_should_contain(java.lang.String)&amp#27;[0m
      &amp#27;[31morg.openqa.selenium.TimeoutException: Expected condition failed: waiting for url to contain "lenskaxrt.com". Current url: "https://www.lenskart.com/" (tried for 120 second(s) with 500 milliseconds interval)
Build info: version: '4.8.3', revision: 'e5e76298c3'
System info: os.name: 'Mac OS X', os.arch: 'aarch64', os.version: '12.6.4', java.version: '17.0.6'
Driver info: org.openqa.selenium.firefox.FirefoxDriver
Capabilities {acceptInsecureCerts: true, browserName: firefox, browserVersion: 112.0, moz:accessibilityChecks: false, moz:buildID: 20230406114409, moz:debuggerAddress: 127.0.0.1:27075, moz:geckodriverVersion: 0.33.0, moz:headless: false, moz:platformVersion: 21.6.0, moz:processID: 5267, moz:profile: /var/folders/5y/6_9g5gmj34l..., moz:shutdownTimeout: 60000, moz:useNonSpecCompliantPointerOrigin: false, moz:webdriverClick: true, moz:windowless: false, pageLoadStrategy: normal, platformName: MAC, proxy: Proxy(), se:cdp: ws://127.0.0.1:27075/devtoo..., se:cdpVersion: 85.0, setWindowRect: true, strictFileInteractability: false, timeouts: {implicit: 0, pageLoad: 300000, script: 30000}, unhandledPromptBehavior: dismiss and notify}
Session ID: 820b608c-36ee-40c6-aed7-795514607896
	at org.openqa.selenium.support.ui.WebDriverWait.timeoutException(WebDriverWait.java:87)
	at org.openqa.selenium.support.ui.FluentWait.until(FluentWait.java:231)
	at com.qa.utils.WaitUtils.ifUrlContainsText(WaitUtils.java:98)
	at com.pages.LandingPage.isUrlSubstringPresent(LandingPage.java:42)
	at stepdefinitions.LandingPageSteps.page_url_should_contain(LandingPageSteps.java:38)
	at ✽.Page url should contain "lenskaxrt.com"(file:///Users/vipul/Documents/Vipul/AutomationProjects/TEST/src/test/resources/AppFeatures/LandingPage.feature:9)
&amp#27;[0m

    Embedding Landing_page_url [image/png 1448199 bytes]

Scenario Failed, Take Screenshot ...
Quit the browser ...
]]></system-out>
    <system-err><![CDATA[1681661422886	geckodriver	INFO	Listening on 127.0.0.1:2905
1681661422949	mozrunner::runner	INFO	Running command: MOZ_CRASHREPORTER="1" MOZ_CRASHREPORTER_NO_REPORT="1" MOZ_CRASHREPORTER_SHUTDOWN="1" MOZ_NO_REMOTE="1" "/App ... /[::1]:27075/" "-foreground" "-no-remote" "-profile" "/var/folders/5y/6_9g5gmj34lbbwkvkzf3lz940000gn/T/rust_mozprofileHO6XKR"
console.warn: services.settings: Ignoring preference override of remote settings server
console.warn: services.settings: Allow by setting MOZ_REMOTE_SETTINGS_DEVTOOLS=1 in the environment
1681661423278	Marionette	INFO	Marionette enabled
1681661423351	Marionette	INFO	Listening on port 55506
Read port: 55506
console.error: "Warning: unrecognized command line flag -remote-allow-hosts\n"
console.error: "Warning: unrecognized command line flag -remote-allow-origins\n"
2023-04-16 21:40:23.383 plugin-container[5268:154817] nil host used in call to allowsSpecificHTTPSCertificateForHost
2023-04-16 21:40:23.383 plugin-container[5268:154817] nil host used in call to allowsAnyHTTPSCertificateForHost:
2023-04-16 21:40:23.389 plugin-container[5268:154817] nil host used in call to allowsSpecificHTTPSCertificateForHost
2023-04-16 21:40:23.389 plugin-container[5268:154817] nil host used in call to allowsAnyHTTPSCertificateForHost:
2023-04-16 21:40:23.390 plugin-container[5268:154824] nil host used in call to allowsSpecificHTTPSCertificateForHost
2023-04-16 21:40:23.390 plugin-container[5268:154824] nil host used in call to allowsAnyHTTPSCertificateForHost:
WebDriver BiDi listening on ws://127.0.0.1:27075
1681661423508	RemoteAgent	WARN	TLS certificate errors will be ignored for this session
UNSUPPORTED (log once): POSSIBLE ISSUE: unit 1 GLD_TEXTURE_INDEX_2D is unloadable and bound to sampler type (Float) - using zero texture because texture unloadable
console.warn: SearchSettings: "get: No settings file exists, new profile?" (new NotFoundError("Could not open the file at /var/folders/5y/6_9g5gmj34lbbwkvkzf3lz940000gn/T/rust_mozprofileHO6XKR/search.json.mozlz4", (void 0)))
[ERROR glean_core] Error setting metrics feature config: Json(Error("EOF while parsing a value", line: 1, column: 0))
DevTools listening on ws://127.0.0.1:27075/devtools/browser/e5e970f9-48b0-461a-8819-69827245095a
1681661427412	Marionette	WARN	Ignoring event 'pageshow' because document has an invalid readyState of 'interactive'.
1681661577877	RemoteAgent	INFO	Perform WebSocket upgrade for incoming connection from 127.0.0.1:55642
1681661577879	CDP	WARN	Invalid browser preferences for CDP. Set "fission.webContentIsolationStrategy"to 0 and "fission.bfcacheInParent" to false before Firefox starts.
1681661577886	Marionette	INFO	Stopped listening on port 55506
]]></system-err>
  </testcase>
  <testcase name="Login with correct credentials" classname="Landing page feature" time="37.851"/>
  <testcase name="Login with valid usernme and password #1" classname="Login" time="3.969"/>
  <testcase name="Login with valid usernme and password #2" classname="Login" time="3.751"/>
  <testcase name="Login with valid usernme and password #3" classname="Login" time="3.797"/>
  <testcase name="Login with valid usernme and password #4" classname="Login" time="3.828"/>
  <testcase name="Login with valid usernme and password #5" classname="Login" time="3.791"/>
</testsuite>