<?xml version="1.0" encoding="UTF-8"?>
<testng-results ignored="0" total="10" passed="10" failed="0" skipped="0">
  <reporter-output>
  </reporter-output>
  <suite started-at="2023-04-17T11:16:15 IST" name="Surefire suite" finished-at="2023-04-17T11:18:25 IST" duration-ms="129768">
    <groups>
      <group name="cucumber">
        <method signature="AbstractTestNGCucumberTests.runScenario(io.cucumber.testng.PickleWrapper,io.cucumber.testng.FeatureWrapper)[pri:0, instance:testrunners.HomePageTest@3af9c5b7]" name="runScenario" class="io.cucumber.testng.AbstractTestNGCucumberTests"/>
        <method signature="AbstractTestNGCucumberTests.runScenario(io.cucumber.testng.PickleWrapper,io.cucumber.testng.FeatureWrapper)[pri:0, instance:testrunners.LandingPageTest@10aa41f2]" name="runScenario" class="io.cucumber.testng.AbstractTestNGCucumberTests"/>
        <method signature="AbstractTestNGCucumberTests.runScenario(io.cucumber.testng.PickleWrapper,io.cucumber.testng.FeatureWrapper)[pri:0, instance:testrunners.SmokeTest@1757cd72]" name="runScenario" class="io.cucumber.testng.AbstractTestNGCucumberTests"/>
      </group> <!-- cucumber -->
    </groups>
    <test started-at="2023-04-17T11:16:15 IST" name="Surefire test" finished-at="2023-04-17T11:18:25 IST" duration-ms="129768">
      <class name="testrunners.HomePageTest">
        <test-method is-config="true" signature="setUpClass(org.testng.ITestContext)[pri:0, instance:testrunners.HomePageTest@3af9c5b7]" started-at="2023-04-17T11:17:46 IST" name="setUpClass" finished-at="2023-04-17T11:17:46 IST" duration-ms="15" status="PASS">
          <params>
            <param index="0">
              <value>
                <![CDATA[org.testng.TestRunner@3d98d138]]>
              </value>
            </param>
          </params>
          <reporter-output>
          </reporter-output>
        </test-method> <!-- setUpClass -->
        <test-method signature="runScenario(io.cucumber.testng.PickleWrapper,io.cucumber.testng.FeatureWrapper)[pri:0, instance:testrunners.HomePageTest@3af9c5b7]" started-at="2023-04-17T11:17:46 IST" name="runScenario" description="Runs Cucumber Scenarios" data-provider="scenarios" finished-at="2023-04-17T11:18:23 IST" duration-ms="37563" status="PASS">
          <params>
            <param index="0">
              <value>
                <![CDATA["Login panel item count"]]>
              </value>
            </param>
            <param index="1">
              <value>
                <![CDATA["Home Page Test"]]>
              </value>
            </param>
          </params>
          <reporter-output>
          </reporter-output>
        </test-method> <!-- runScenario -->
        <test-method is-config="true" signature="tearDownClass()[pri:0, instance:testrunners.HomePageTest@3af9c5b7]" started-at="2023-04-17T11:18:23 IST" name="tearDownClass" finished-at="2023-04-17T11:18:25 IST" duration-ms="1885" status="PASS">
          <reporter-output>
          </reporter-output>
        </test-method> <!-- tearDownClass -->
      </class> <!-- testrunners.HomePageTest -->
      <class name="testrunners.SmokeTest">
        <test-method is-config="true" signature="setUpClass(org.testng.ITestContext)[pri:0, instance:testrunners.SmokeTest@1757cd72]" started-at="2023-04-17T11:16:15 IST" name="setUpClass" finished-at="2023-04-17T11:16:16 IST" duration-ms="322" status="PASS">
          <params>
            <param index="0">
              <value>
                <![CDATA[org.testng.TestRunner@3d98d138]]>
              </value>
            </param>
          </params>
          <reporter-output>
          </reporter-output>
        </test-method> <!-- setUpClass -->
        <test-method signature="runScenario(io.cucumber.testng.PickleWrapper,io.cucumber.testng.FeatureWrapper)[pri:0, instance:testrunners.SmokeTest@1757cd72]" started-at="2023-04-17T11:16:16 IST" name="runScenario" description="Runs Cucumber Scenarios" data-provider="scenarios" finished-at="2023-04-17T11:16:52 IST" duration-ms="36703" status="PASS">
          <params>
            <param index="0">
              <value>
                <![CDATA["Landing page title"]]>
              </value>
            </param>
            <param index="1">
              <value>
                <![CDATA["Landing page feature"]]>
              </value>
            </param>
          </params>
          <reporter-output>
          </reporter-output>
        </test-method> <!-- runScenario -->
        <test-method signature="runScenario(io.cucumber.testng.PickleWrapper,io.cucumber.testng.FeatureWrapper)[pri:0, instance:testrunners.SmokeTest@1757cd72]" started-at="2023-04-17T11:16:16 IST" name="runScenario" description="Runs Cucumber Scenarios" data-provider="scenarios" finished-at="2023-04-17T11:16:57 IST" duration-ms="41253" status="PASS">
          <params>
            <param index="0">
              <value>
                <![CDATA["Login panel item count"]]>
              </value>
            </param>
            <param index="1">
              <value>
                <![CDATA["Home Page Test"]]>
              </value>
            </param>
          </params>
          <reporter-output>
          </reporter-output>
        </test-method> <!-- runScenario -->
        <test-method signature="runScenario(io.cucumber.testng.PickleWrapper,io.cucumber.testng.FeatureWrapper)[pri:0, instance:testrunners.SmokeTest@1757cd72]" started-at="2023-04-17T11:16:52 IST" name="runScenario" description="Runs Cucumber Scenarios" data-provider="scenarios" finished-at="2023-04-17T11:17:27 IST" duration-ms="35125" status="PASS">
          <params>
            <param index="0">
              <value>
                <![CDATA["Landing page url"]]>
              </value>
            </param>
            <param index="1">
              <value>
                <![CDATA["Landing page feature"]]>
              </value>
            </param>
          </params>
          <reporter-output>
          </reporter-output>
        </test-method> <!-- runScenario -->
        <test-method signature="runScenario(io.cucumber.testng.PickleWrapper,io.cucumber.testng.FeatureWrapper)[pri:0, instance:testrunners.SmokeTest@1757cd72]" started-at="2023-04-17T11:16:57 IST" name="runScenario" description="Runs Cucumber Scenarios" data-provider="scenarios" finished-at="2023-04-17T11:17:35 IST" duration-ms="37665" status="PASS">
          <params>
            <param index="0">
              <value>
                <![CDATA["Login with correct credentials"]]>
              </value>
            </param>
            <param index="1">
              <value>
                <![CDATA["Landing page feature"]]>
              </value>
            </param>
          </params>
          <reporter-output>
          </reporter-output>
        </test-method> <!-- runScenario -->
        <test-method signature="runScenario(io.cucumber.testng.PickleWrapper,io.cucumber.testng.FeatureWrapper)[pri:0, instance:testrunners.SmokeTest@1757cd72]" started-at="2023-04-17T11:17:27 IST" name="runScenario" description="Runs Cucumber Scenarios" data-provider="scenarios" finished-at="2023-04-17T11:17:31 IST" duration-ms="3918" status="PASS">
          <params>
            <param index="0">
              <value>
                <![CDATA["Login with valid usernme and password"]]>
              </value>
            </param>
            <param index="1">
              <value>
                <![CDATA["Login"]]>
              </value>
            </param>
          </params>
          <reporter-output>
          </reporter-output>
        </test-method> <!-- runScenario -->
        <test-method signature="runScenario(io.cucumber.testng.PickleWrapper,io.cucumber.testng.FeatureWrapper)[pri:0, instance:testrunners.SmokeTest@1757cd72]" started-at="2023-04-17T11:17:31 IST" name="runScenario" description="Runs Cucumber Scenarios" data-provider="scenarios" finished-at="2023-04-17T11:17:35 IST" duration-ms="3782" status="PASS">
          <params>
            <param index="0">
              <value>
                <![CDATA["Login with valid usernme and password"]]>
              </value>
            </param>
            <param index="1">
              <value>
                <![CDATA["Login"]]>
              </value>
            </param>
          </params>
          <reporter-output>
          </reporter-output>
        </test-method> <!-- runScenario -->
        <test-method signature="runScenario(io.cucumber.testng.PickleWrapper,io.cucumber.testng.FeatureWrapper)[pri:0, instance:testrunners.SmokeTest@1757cd72]" started-at="2023-04-17T11:17:35 IST" name="runScenario" description="Runs Cucumber Scenarios" data-provider="scenarios" finished-at="2023-04-17T11:17:38 IST" duration-ms="3785" status="PASS">
          <params>
            <param index="0">
              <value>
                <![CDATA["Login with valid usernme and password"]]>
              </value>
            </param>
            <param index="1">
              <value>
                <![CDATA["Login"]]>
              </value>
            </param>
          </params>
          <reporter-output>
          </reporter-output>
        </test-method> <!-- runScenario -->
        <test-method signature="runScenario(io.cucumber.testng.PickleWrapper,io.cucumber.testng.FeatureWrapper)[pri:0, instance:testrunners.SmokeTest@1757cd72]" started-at="2023-04-17T11:17:35 IST" name="runScenario" description="Runs Cucumber Scenarios" data-provider="scenarios" finished-at="2023-04-17T11:17:39 IST" duration-ms="3709" status="PASS">
          <params>
            <param index="0">
              <value>
                <![CDATA["Login with valid usernme and password"]]>
              </value>
            </param>
            <param index="1">
              <value>
                <![CDATA["Login"]]>
              </value>
            </param>
          </params>
          <reporter-output>
          </reporter-output>
        </test-method> <!-- runScenario -->
        <test-method signature="runScenario(io.cucumber.testng.PickleWrapper,io.cucumber.testng.FeatureWrapper)[pri:0, instance:testrunners.SmokeTest@1757cd72]" started-at="2023-04-17T11:17:38 IST" name="runScenario" description="Runs Cucumber Scenarios" data-provider="scenarios" finished-at="2023-04-17T11:17:42 IST" duration-ms="3721" status="PASS">
          <params>
            <param index="0">
              <value>
                <![CDATA["Login with valid usernme and password"]]>
              </value>
            </param>
            <param index="1">
              <value>
                <![CDATA["Login"]]>
              </value>
            </param>
          </params>
          <reporter-output>
          </reporter-output>
        </test-method> <!-- runScenario -->
        <test-method is-config="true" signature="tearDownClass()[pri:0, instance:testrunners.SmokeTest@1757cd72]" started-at="2023-04-17T11:17:42 IST" name="tearDownClass" finished-at="2023-04-17T11:17:45 IST" duration-ms="3149" status="PASS">
          <reporter-output>
          </reporter-output>
        </test-method> <!-- tearDownClass -->
      </class> <!-- testrunners.SmokeTest -->
      <class name="testrunners.LandingPageTest">
        <test-method is-config="true" signature="setUpClass(org.testng.ITestContext)[pri:0, instance:testrunners.LandingPageTest@10aa41f2]" started-at="2023-04-17T11:17:45 IST" name="setUpClass" finished-at="2023-04-17T11:17:45 IST" duration-ms="17" status="PASS">
          <params>
            <param index="0">
              <value>
                <![CDATA[org.testng.TestRunner@3d98d138]]>
              </value>
            </param>
          </params>
          <reporter-output>
          </reporter-output>
        </test-method> <!-- setUpClass -->
        <test-method is-config="true" signature="tearDownClass()[pri:0, instance:testrunners.LandingPageTest@10aa41f2]" started-at="2023-04-17T11:17:45 IST" name="tearDownClass" finished-at="2023-04-17T11:17:46 IST" duration-ms="361" status="PASS">
          <reporter-output>
          </reporter-output>
        </test-method> <!-- tearDownClass -->
      </class> <!-- testrunners.LandingPageTest -->
    </test> <!-- Surefire test -->
  </suite> <!-- Surefire suite -->
</testng-results>
